<?xml version="1.0" encoding="UTF-8"?>
<!-- Generated by org.testng.reporters.JUnitReportReporter -->
<testsuite skipped="0" hostname="DESKTOP-N4AOHP6" name="com.testingshastra.util.Runner" tests="16" failures="0" timestamp="26 Nov 2021 16:08:47 GMT" time="9.174" errors="0">
  <testcase name="runScenario" time="0.009" classname="com.testingshastra.util.Runner"/>
  <testcase name="runScenario" time="0.007" classname="com.testingshastra.util.Runner"/>
  <testcase name="runScenario" time="0.934" classname="com.testingshastra.util.Runner"/>
  <testcase name="runScenario" time="0.008" classname="com.testingshastra.util.Runner"/>
  <testcase name="runScenario" time="0.041" classname="com.testingshastra.util.Runner"/>
  <testcase name="runScenario" time="0.029" classname="com.testingshastra.util.Runner"/>
  <testcase name="runScenario" time="7.929" classname="com.testingshastra.util.Runner"/>
  <testcase name="runScenario" time="0.014" classname="com.testingshastra.util.Runner"/>
  <testcase name="runScenario" time="0.040" classname="com.testingshastra.util.Runner"/>
  <testcase name="runScenario" time="0.006" classname="com.testingshastra.util.Runner"/>
  <testcase name="runScenario" time="0.043" classname="com.testingshastra.util.Runner"/>
  <testcase name="runScenario" time="0.007" classname="com.testingshastra.util.Runner"/>
  <testcase name="runScenario" time="0.011" classname="com.testingshastra.util.Runner"/>
  <testcase name="runScenario" time="0.030" classname="com.testingshastra.util.Runner"/>
  <testcase name="runScenario" time="0.018" classname="com.testingshastra.util.Runner"/>
  <testcase name="runScenario" time="0.048" classname="com.testingshastra.util.Runner"/>
</testsuite> <!-- com.testingshastra.util.Runner -->
