<?xml version="1.0" encoding="UTF-8"?>
<!-- Generated by org.testng.reporters.JUnitReportReporter -->
<testsuite skipped="0" hostname="DESKTOP-N4AOHP6" name="com.testingshastra.uitests.homepagetest.HomePageTests" tests="2" failures="0" timestamp="26 Nov 2021 16:16:54 GMT" time="42.498" errors="0">
  <testcase name="verifyTitleOfHomePage" time="8.816" classname="com.testingshastra.uitests.homepagetest.HomePageTests"/>
  <testcase name="validateAllLinksOfHomepage" time="33.682" classname="com.testingshastra.uitests.homepagetest.HomePageTests"/>
</testsuite> <!-- com.testingshastra.uitests.homepagetest.HomePageTests -->
