<?xml version="1.0" encoding="UTF-8"?>
<!-- Generated by org.testng.reporters.JUnitReportReporter -->
<testsuite skipped="0" hostname="DESKTOP-8AVOBS7" name="com.testingshastra.util.RunnerTest" tests="16" failures="0" timestamp="29 Nov 2021 19:30:27 GMT" time="11.500" errors="0">
  <testcase name="runScenario" time="9.584" classname="com.testingshastra.util.RunnerTest"/>
  <testcase name="runScenario" time="0.135" classname="com.testingshastra.util.RunnerTest"/>
  <testcase name="runScenario" time="0.042" classname="com.testingshastra.util.RunnerTest"/>
  <testcase name="runScenario" time="0.049" classname="com.testingshastra.util.RunnerTest"/>
  <testcase name="runScenario" time="0.051" classname="com.testingshastra.util.RunnerTest"/>
  <testcase name="runScenario" time="0.013" classname="com.testingshastra.util.RunnerTest"/>
  <testcase name="runScenario" time="0.015" classname="com.testingshastra.util.RunnerTest"/>
  <testcase name="runScenario" time="0.011" classname="com.testingshastra.util.RunnerTest"/>
  <testcase name="runScenario" time="1.410" classname="com.testingshastra.util.RunnerTest"/>
  <testcase name="runScenario" time="0.024" classname="com.testingshastra.util.RunnerTest"/>
  <testcase name="runScenario" time="0.018" classname="com.testingshastra.util.RunnerTest"/>
  <testcase name="runScenario" time="0.043" classname="com.testingshastra.util.RunnerTest"/>
  <testcase name="runScenario" time="0.055" classname="com.testingshastra.util.RunnerTest"/>
  <testcase name="runScenario" time="0.020" classname="com.testingshastra.util.RunnerTest"/>
  <testcase name="runScenario" time="0.013" classname="com.testingshastra.util.RunnerTest"/>
  <testcase name="runScenario" time="0.017" classname="com.testingshastra.util.RunnerTest"/>
</testsuite> <!-- com.testingshastra.util.RunnerTest -->
