<?xml version="1.0" encoding="UTF-8"?>
<!-- Generated by org.testng.reporters.JUnitReportReporter -->
<testsuite skipped="0" hostname="DESKTOP-8AVOBS7" name="com.testingshastra.uitests.HomePageTests" tests="3" failures="0" timestamp="29 Nov 2021 18:56:35 GMT" time="37.953" errors="0">
  <testcase name="printAllInfLinks" time="8.277" classname="com.testingshastra.uitests.HomePageTests"/>
  <testcase name="verifyTitleOfHomePage" time="7.855" classname="com.testingshastra.uitests.HomePageTests"/>
  <testcase name="verifyUserRedirectsToJoinMeetingPage" time="21.821" classname="com.testingshastra.uitests.HomePageTests"/>
</testsuite> <!-- com.testingshastra.uitests.HomePageTests -->
