<?xml version="1.0" encoding="UTF-8"?>
<!-- Generated by org.testng.reporters.JUnitReportReporter -->
<testsuite skipped="0" hostname="DESKTOP-8AVOBS7" name="com.testingshastra.util.RunnerTest" tests="16" failures="0" timestamp="30 Nov 2021 08:43:21 GMT" time="16.361" errors="0">
  <testcase name="runScenario" time="1.610" classname="com.testingshastra.util.RunnerTest"/>
  <testcase name="runScenario" time="0.015" classname="com.testingshastra.util.RunnerTest"/>
  <testcase name="runScenario" time="0.017" classname="com.testingshastra.util.RunnerTest"/>
  <testcase name="runScenario" time="0.014" classname="com.testingshastra.util.RunnerTest"/>
  <testcase name="runScenario" time="0.029" classname="com.testingshastra.util.RunnerTest"/>
  <testcase name="runScenario" time="0.015" classname="com.testingshastra.util.RunnerTest"/>
  <testcase name="runScenario" time="0.052" classname="com.testingshastra.util.RunnerTest"/>
  <testcase name="runScenario" time="0.046" classname="com.testingshastra.util.RunnerTest"/>
  <testcase name="runScenario" time="0.067" classname="com.testingshastra.util.RunnerTest"/>
  <testcase name="runScenario" time="0.010" classname="com.testingshastra.util.RunnerTest"/>
  <testcase name="runScenario" time="0.013" classname="com.testingshastra.util.RunnerTest"/>
  <testcase name="runScenario" time="0.012" classname="com.testingshastra.util.RunnerTest"/>
  <testcase name="runScenario" time="14.325" classname="com.testingshastra.util.RunnerTest"/>
  <testcase name="runScenario" time="0.056" classname="com.testingshastra.util.RunnerTest"/>
  <testcase name="runScenario" time="0.015" classname="com.testingshastra.util.RunnerTest"/>
  <testcase name="runScenario" time="0.065" classname="com.testingshastra.util.RunnerTest"/>
</testsuite> <!-- com.testingshastra.util.RunnerTest -->
